
Bookモデルのテスト
  バリデーションのテスト
    titleカラム
[32m      空欄でないこと[0m
    bodyカラム
[32m      空欄でないこと[0m
[32m      200文字以下であること[0m
  アソシエーションのテスト
    Userモデルとの関係
[32m      N:1となっている[0m

Userモデルのテスト
  バリデーションのテスト
    nameカラム
[32m      空欄でないこと[0m
[32m      2文字以上であること[0m
[32m      20文字以下であること[0m
    introductionカラム
[32m      50文字以下であること[0m
  アソシエーションのテスト
    Bookモデルとの関係
[32m      1:Nとなっている[0m

投稿のテスト
  サイドバーのテスト
    表示の確認
[32m      New bookと表示される[0m
[32m      titleフォームが表示される[0m
[32m      opinionフォームが表示される[0m
[32m      Create Bookボタンが表示される[0m
[32m      投稿に成功する[0m
[32m      投稿に失敗する[0m
  編集のテスト
    自分の投稿の編集画面への遷移
[32m      遷移できる[0m
    他人の投稿の編集画面への遷移
[31m      遷移できない (FAILED - 1)[0m
    表示の確認
[32m      Editing Bookと表示される[0m
[32m      title編集フォームが表示される[0m
[32m      opinion編集フォームが表示される[0m
[31m      Showリンクが表示される (FAILED - 2)[0m
[32m      Backリンクが表示される[0m
    フォームの確認
[31m      編集に成功する (FAILED - 3)[0m
[31m      編集に失敗する (FAILED - 4)[0m
  一覧画面のテスト
    表示の確認
[32m      Booksと表示される[0m
[31m      自分と他人の画像のリンク先が正しい (FAILED - 5)[0m
[32m      自分と他人のタイトルのリンク先が正しい[0m
[32m      自分と他人のオピニオンが表示される[0m
  詳細画面のテスト
    自分・他人共通の投稿詳細画面の表示を確認
[32m      Book detailと表示される[0m
[32m      ユーザー画像・名前のリンク先が正しい[0m
[32m      投稿のtitleが表示される[0m
[32m      投稿のopinionが表示される[0m
    自分の投稿詳細画面の表示を確認
[32m      投稿の編集リンクが表示される[0m
[32m      投稿の削除リンクが表示される[0m
    他人の投稿詳細画面の表示を確認
[32m      投稿の編集リンクが表示されない[0m
[32m      投稿の削除リンクが表示されない[0m

bootstrapのテスト
  グリッドシステムのテスト
    ユーザー関連画面
[31m      一覧画面 (FAILED - 6)[0m
[31m      詳細画面 (FAILED - 7)[0m
    投稿関連画面
[31m      一覧画面 (FAILED - 8)[0m
[31m      詳細画面 (FAILED - 9)[0m

ヘッダーのテスト
  ログインしていない場合
    ヘッダーの表示を確認
[32m      タイトルが表示される[0m
[32m      Homeリンクが表示される[0m
[32m      Aboutリンクが表示される[0m
[32m      Sign upリンクが表示される[0m
[32m      loginリンクが表示される[0m
    ヘッダーのリンクを確認
[32m      Home画面に遷移する[0m
[32m      About画面に遷移する[0m
[31m      新規登録画面に遷移する (FAILED - 10)[0m
[32m      ログイン画面に遷移する[0m
  ログインしている場合
    ヘッダーの表示を確認
[32m      タイトルが表示される[0m
[32m      Homeリンクが表示される[0m
[32m      Usersリンクが表示される[0m
[32m      Booksリンクが表示される[0m
[32m      logoutリンクが表示される[0m
    ヘッダーのリンクを確認
[32m      Home画面に遷移する[0m
[32m      Users画面に遷移する[0m
[32m      Books画面に遷移する[0m
[31m      logoutする (FAILED - 11)[0m

ユーザー権限のテスト
  ログインしていない場合
    投稿関連のURLにアクセス
[31m      一覧画面に遷移できない (FAILED - 12)[0m
[31m      編集画面に遷移できない (FAILED - 13)[0m
[31m      詳細画面に遷移できない (FAILED - 14)[0m
  ログインしていない場合にユーザー関連のURLにアクセス
    ユーザー関連のURLにアクセス
[31m      一覧画面に遷移できない (FAILED - 15)[0m
[31m      編集画面に遷移できない (FAILED - 16)[0m
[31m      詳細画面に遷移でない (FAILED - 17)[0m

トップページのテスト
  ボディ部分のテスト
    表示の確認
[32m      Log inリンクが表示される[0m
[31m      Sign Upリンクが表示される (FAILED - 18)[0m
    ログインしている場合の挙動を確認
[32m      Log inリンクをクリックしたらユーザー詳細画面へ遷移する[0m
[32m      Sign Upリンクをクリックしたらユーザー詳細画面に遷移する[0m
    ログインしていない場合の挙動を確認
[32m      Log inリンクをクリックしたらログイン画面へ遷移する[0m
[31m      Sign Upリンクをクリックしたら新規登録画面に遷移する (FAILED - 19)[0m

ユーザー認証のテスト
  ユーザー新規登録
    新規登録画面に遷移
[31m      新規登録に成功する (FAILED - 20)[0m
[32m      新規登録に失敗する[0m
  ユーザーログイン
    ログイン画面に遷移
[31m      ログインに成功する (FAILED - 21)[0m
[32m      ログインに失敗する[0m

ユーザーのテスト
  サイドバーのテスト
    表示の確認
[32m      User infoと表示される[0m
[32m      画像が表示される[0m
[32m      名前が表示される[0m
[32m      自己紹介が表示される[0m
[32m      編集リンクが表示される[0m
  編集のテスト
    自分の編集画面への遷移
[32m      遷移できる[0m
    他人の編集画面への遷移
[31m      遷移できない (FAILED - 22)[0m
    表示の確認
[31m      User infoと表示される (FAILED - 23)[0m
[32m      名前編集フォームに自分の名前が表示される[0m
[32m      画像編集フォームが表示される[0m
[32m      自己紹介編集フォームに自分の自己紹介が表示される[0m
[31m      編集に成功する (FAILED - 24)[0m
[31m      編集に失敗する (FAILED - 25)[0m
  一覧画面のテスト
    表示の確認
[32m      Usersと表示される[0m
[32m      自分と他の人の画像が表示される[0m
[32m      自分と他の人の名前が表示される[0m
[32m      showリンクが表示される[0m
  詳細画面のテスト
    表示の確認
[32m      Booksと表示される[0m
[32m      投稿一覧のユーザーの画像のリンク先が正しい[0m
[32m      投稿一覧のtitleのリンク先が正しい[0m
[32m      投稿一覧にopinionが表示される[0m

Failures:

  1) 投稿のテスト 編集のテスト 他人の投稿の編集画面への遷移 遷移できない
     [31mFailure/Error: expect(current_path).to eq('/books')[0m
     [31m[0m
     [31m  expected: "/books"[0m
     [31m       got: "/books/2/edit"[0m
     [31m[0m
     [31m  (compared using ==)[0m
     [31m[0m
     [31m[0m
     [31m[0m
     [36m# ./spec/system/books_spec.rb:52:in `block (4 levels) in <main>'[0m

  2) 投稿のテスト 編集のテスト 表示の確認 Showリンクが表示される
     [31mFailure/Error: expect(page).to have_link 'Show', href: book_path(book)[0m
     [31m  expected to find link "Show" with href "/books/1" but there were no matches[0m
     [31m[0m
     [31m[0m
     [31m[0m
     [36m# ./spec/system/books_spec.rb:69:in `block (4 levels) in <main>'[0m

  3) 投稿のテスト 編集のテスト フォームの確認 編集に成功する
     [31mFailure/Error: expect(page).to have_content 'successfully'[0m
     [31m  expected to find text "successfully" in "Bookers\nHome Users Books logout\n　\n　　\n　　　\nUser info\n　　　　　 name vcxfhjy60f introduction sleibyh4yh4pnhwab3sw\nNew book\nTitle\nBody\nBooks\nTitle Opinion vcaoa f60v5wl8r20imlm7cph2 h0424 xh7xorw4oe5k0fk1qfxj"[0m
     [31m[0m
     [31m[0m
     [31m[0m
     [36m# ./spec/system/books_spec.rb:79:in `block (4 levels) in <main>'[0m

  4) 投稿のテスト 編集のテスト フォームの確認 編集に失敗する
     [31mFailure/Error: <%= link_to "show", book_path(@book) %>[0m
     [31m[0m
     [31mActionView::Template::Error:[0m
     [31m  No route matches {:action=>"show", :controller=>"books", :id=>nil}, missing required keys: [:id][0m
     [31m[0m
     [31m[0m
     [31m[0m
     [36m# ./app/views/books/edit.html.erb:11:in `_app_views_books_edit_html_erb___3850834314067421269_67581600'[0m
     [36m# ./app/controllers/books_controller.rb:42:in `update'[0m
     [36m# /home/ec2-user/.rvm/gems/ruby-2.6.3/gems/warden-1.2.9/lib/warden/manager.rb:36:in `block in call'[0m
     [36m# /home/ec2-user/.rvm/gems/ruby-2.6.3/gems/warden-1.2.9/lib/warden/manager.rb:34:in `catch'[0m
     [36m# /home/ec2-user/.rvm/gems/ruby-2.6.3/gems/warden-1.2.9/lib/warden/manager.rb:34:in `call'[0m
     [36m# /home/ec2-user/.rvm/gems/ruby-2.6.3/gems/rack-2.2.3/lib/rack/tempfile_reaper.rb:15:in `call'[0m
     [36m# /home/ec2-user/.rvm/gems/ruby-2.6.3/gems/rack-2.2.3/lib/rack/etag.rb:27:in `call'[0m
     [36m# /home/ec2-user/.rvm/gems/ruby-2.6.3/gems/rack-2.2.3/lib/rack/conditional_get.rb:40:in `call'[0m
     [36m# /home/ec2-user/.rvm/gems/ruby-2.6.3/gems/rack-2.2.3/lib/rack/head.rb:12:in `call'[0m
     [36m# /home/ec2-user/.rvm/gems/ruby-2.6.3/gems/rack-2.2.3/lib/rack/session/abstract/id.rb:266:in `context'[0m
     [36m# /home/ec2-user/.rvm/gems/ruby-2.6.3/gems/rack-2.2.3/lib/rack/session/abstract/id.rb:260:in `call'[0m
     [36m# /home/ec2-user/.rvm/gems/ruby-2.6.3/gems/railties-5.2.4.4/lib/rails/rack/logger.rb:38:in `call_app'[0m
     [36m# /home/ec2-user/.rvm/gems/ruby-2.6.3/gems/railties-5.2.4.4/lib/rails/rack/logger.rb:26:in `block in call'[0m
     [36m# /home/ec2-user/.rvm/gems/ruby-2.6.3/gems/railties-5.2.4.4/lib/rails/rack/logger.rb:26:in `call'[0m
     [36m# /home/ec2-user/.rvm/gems/ruby-2.6.3/gems/rack-2.2.3/lib/rack/method_override.rb:24:in `call'[0m
     [36m# /home/ec2-user/.rvm/gems/ruby-2.6.3/gems/rack-2.2.3/lib/rack/runtime.rb:22:in `call'[0m
     [36m# /home/ec2-user/.rvm/gems/ruby-2.6.3/gems/rack-2.2.3/lib/rack/sendfile.rb:110:in `call'[0m
     [36m# /home/ec2-user/.rvm/gems/ruby-2.6.3/gems/railties-5.2.4.4/lib/rails/engine.rb:524:in `call'[0m
     [36m# /home/ec2-user/.rvm/gems/ruby-2.6.3/gems/rack-2.2.3/lib/rack/urlmap.rb:74:in `block in call'[0m
     [36m# /home/ec2-user/.rvm/gems/ruby-2.6.3/gems/rack-2.2.3/lib/rack/urlmap.rb:58:in `each'[0m
     [36m# /home/ec2-user/.rvm/gems/ruby-2.6.3/gems/rack-2.2.3/lib/rack/urlmap.rb:58:in `call'[0m
     [36m# /home/ec2-user/.rvm/gems/ruby-2.6.3/gems/rack-2.2.3/lib/rack/builder.rb:244:in `call'[0m
     [36m# /home/ec2-user/.rvm/gems/ruby-2.6.3/gems/rack-test-1.1.0/lib/rack/mock_session.rb:29:in `request'[0m
     [36m# /home/ec2-user/.rvm/gems/ruby-2.6.3/gems/rack-test-1.1.0/lib/rack/test.rb:266:in `process_request'[0m
     [36m# /home/ec2-user/.rvm/gems/ruby-2.6.3/gems/rack-test-1.1.0/lib/rack/test.rb:129:in `custom_request'[0m
     [36m# /home/ec2-user/.rvm/gems/ruby-2.6.3/gems/rack-test-1.1.0/lib/rack/test.rb:66:in `post'[0m
     [36m# /home/ec2-user/.rvm/gems/ruby-2.6.3/gems/capybara-3.33.0/lib/capybara/rack_test/browser.rb:70:in `process'[0m
     [36m# /home/ec2-user/.rvm/gems/ruby-2.6.3/gems/capybara-3.33.0/lib/capybara/rack_test/browser.rb:45:in `process_and_follow_redirects'[0m
     [36m# /home/ec2-user/.rvm/gems/ruby-2.6.3/gems/capybara-3.33.0/lib/capybara/rack_test/browser.rb:35:in `submit'[0m
     [36m# /home/ec2-user/.rvm/gems/ruby-2.6.3/gems/capybara-3.33.0/lib/capybara/rack_test/form.rb:43:in `submit'[0m
     [36m# /home/ec2-user/.rvm/gems/ruby-2.6.3/gems/capybara-3.33.0/lib/capybara/rack_test/node.rb:75:in `click'[0m
     [36m# /home/ec2-user/.rvm/gems/ruby-2.6.3/gems/capybara-3.33.0/lib/capybara/rack_test/node.rb:137:in `block (2 levels) in <class:Node>'[0m
     [36m# /home/ec2-user/.rvm/gems/ruby-2.6.3/gems/capybara-3.33.0/lib/capybara/node/element.rb:172:in `block in click'[0m
     [36m# /home/ec2-user/.rvm/gems/ruby-2.6.3/gems/capybara-3.33.0/lib/capybara/node/element.rb:601:in `block in perform_click_action'[0m
     [36m# /home/ec2-user/.rvm/gems/ruby-2.6.3/gems/capybara-3.33.0/lib/capybara/node/base.rb:83:in `synchronize'[0m
     [36m# /home/ec2-user/.rvm/gems/ruby-2.6.3/gems/capybara-3.33.0/lib/capybara/node/element.rb:601:in `perform_click_action'[0m
     [36m# /home/ec2-user/.rvm/gems/ruby-2.6.3/gems/capybara-3.33.0/lib/capybara/node/element.rb:171:in `click'[0m
     [36m# /home/ec2-user/.rvm/gems/ruby-2.6.3/gems/capybara-3.33.0/lib/capybara/node/actions.rb:58:in `click_button'[0m
     [36m# /home/ec2-user/.rvm/gems/ruby-2.6.3/gems/capybara-3.33.0/lib/capybara/session.rb:759:in `block (2 levels) in <class:Session>'[0m
     [36m# /home/ec2-user/.rvm/gems/ruby-2.6.3/gems/capybara-3.33.0/lib/capybara/dsl.rb:58:in `block (2 levels) in <module:DSL>'[0m
     [36m# ./spec/system/books_spec.rb:85:in `block (4 levels) in <main>'[0m
     [36m# ------------------[0m
     [36m# --- Caused by: ---[0m
     [36m# ActionController::UrlGenerationError:[0m
     [36m#   No route matches {:action=>"show", :controller=>"books", :id=>nil}, missing required keys: [:id][0m
     [36m#   ./app/views/books/edit.html.erb:11:in `_app_views_books_edit_html_erb___3850834314067421269_67581600'[0m

  5) 投稿のテスト 一覧画面のテスト 表示の確認 自分と他人の画像のリンク先が正しい
     [31mFailure/Error: expect(page).to have_link '', href: user_path(book2.user)[0m
     [31m  expected to find link "" with href "/users/1" but there were no matches[0m
     [31m[0m
     [31m[0m
     [31m[0m
     [36m# ./spec/system/books_spec.rb:102:in `block (4 levels) in <main>'[0m

  6) bootstrapのテスト グリッドシステムのテスト ユーザー関連画面 一覧画面
     [31mFailure/Error: expect(page).to have_selector('.container .row .col-xs-3')[0m
     [31m  expected to find css ".container .row .col-xs-3" but there were no matches[0m
     [31m[0m
     [31m[0m
     [31m[0m
     [36m# ./spec/system/bootstrap_spec.rb:16:in `block (4 levels) in <main>'[0m

  7) bootstrapのテスト グリッドシステムのテスト ユーザー関連画面 詳細画面
     [31mFailure/Error: expect(page).to have_selector('.container .row .col-xs-3')[0m
     [31m  expected to find css ".container .row .col-xs-3" but there were no matches[0m
     [31m[0m
     [31m[0m
     [31m[0m
     [36m# ./spec/system/bootstrap_spec.rb:21:in `block (4 levels) in <main>'[0m

  8) bootstrapのテスト グリッドシステムのテスト 投稿関連画面 一覧画面
     [31mFailure/Error: expect(page).to have_selector('.container .row .col-xs-3')[0m
     [31m  expected to find css ".container .row .col-xs-3" but there were no matches[0m
     [31m[0m
     [31m[0m
     [31m[0m
     [36m# ./spec/system/bootstrap_spec.rb:28:in `block (4 levels) in <main>'[0m

  9) bootstrapのテスト グリッドシステムのテスト 投稿関連画面 詳細画面
     [31mFailure/Error: expect(page).to have_selector('.container .row .col-xs-3')[0m
     [31m  expected to find css ".container .row .col-xs-3" but there were no matches[0m
     [31m[0m
     [31m[0m
     [31m[0m
     [36m# ./spec/system/bootstrap_spec.rb:33:in `block (4 levels) in <main>'[0m

  10) ヘッダーのテスト ログインしていない場合 ヘッダーのリンクを確認 新規登録画面に遷移する
      [31mFailure/Error: is_expected.to eq(new_user_registration_path)[0m
      [31m[0m
      [31m  expected: "/users/sign_up"[0m
      [31m       got: "/users/sign_in"[0m
      [31m[0m
      [31m  (compared using ==)[0m
      [31m[0m
      [31m[0m
      [31m[0m
      [36m# ./spec/system/header_spec.rb:53:in `block (4 levels) in <main>'[0m

  11) ヘッダーのテスト ログインしている場合 ヘッダーのリンクを確認 logoutする
      [31mFailure/Error: expect(page).to have_content 'Signed out successfully.'[0m
      [31m  expected to find text "Signed out successfully." in "Bookers\nHome About sign up login\nwelcome to Bookers !!\nIn Bookers,\nyou can share and exchange your opinions , inpressions , and emotions\nabout various books!\nLog in Sign up"[0m
      [31m[0m
      [31m[0m
      [31m[0m
      [36m# ./spec/system/header_spec.rb:119:in `block (4 levels) in <main>'[0m

  12) ユーザー権限のテスト ログインしていない場合 投稿関連のURLにアクセス 一覧画面に遷移できない
      [31mFailure/Error: <th><%= current_user.name %></th>[0m
      [31m[0m
      [31mActionView::Template::Error:[0m
      [31m  undefined method `name' for nil:NilClass[0m
      [31m[0m
      [31m[0m
      [31m[0m
      [36m# ./app/views/books/index.html.erb:10:in `_app_views_books_index_html_erb__4324495503416197674_61426380'[0m
      [36m# /home/ec2-user/.rvm/gems/ruby-2.6.3/gems/warden-1.2.9/lib/warden/manager.rb:36:in `block in call'[0m
      [36m# /home/ec2-user/.rvm/gems/ruby-2.6.3/gems/warden-1.2.9/lib/warden/manager.rb:34:in `catch'[0m
      [36m# /home/ec2-user/.rvm/gems/ruby-2.6.3/gems/warden-1.2.9/lib/warden/manager.rb:34:in `call'[0m
      [36m# /home/ec2-user/.rvm/gems/ruby-2.6.3/gems/rack-2.2.3/lib/rack/tempfile_reaper.rb:15:in `call'[0m
      [36m# /home/ec2-user/.rvm/gems/ruby-2.6.3/gems/rack-2.2.3/lib/rack/etag.rb:27:in `call'[0m
      [36m# /home/ec2-user/.rvm/gems/ruby-2.6.3/gems/rack-2.2.3/lib/rack/conditional_get.rb:27:in `call'[0m
      [36m# /home/ec2-user/.rvm/gems/ruby-2.6.3/gems/rack-2.2.3/lib/rack/head.rb:12:in `call'[0m
      [36m# /home/ec2-user/.rvm/gems/ruby-2.6.3/gems/rack-2.2.3/lib/rack/session/abstract/id.rb:266:in `context'[0m
      [36m# /home/ec2-user/.rvm/gems/ruby-2.6.3/gems/rack-2.2.3/lib/rack/session/abstract/id.rb:260:in `call'[0m
      [36m# /home/ec2-user/.rvm/gems/ruby-2.6.3/gems/railties-5.2.4.4/lib/rails/rack/logger.rb:38:in `call_app'[0m
      [36m# /home/ec2-user/.rvm/gems/ruby-2.6.3/gems/railties-5.2.4.4/lib/rails/rack/logger.rb:26:in `block in call'[0m
      [36m# /home/ec2-user/.rvm/gems/ruby-2.6.3/gems/railties-5.2.4.4/lib/rails/rack/logger.rb:26:in `call'[0m
      [36m# /home/ec2-user/.rvm/gems/ruby-2.6.3/gems/rack-2.2.3/lib/rack/method_override.rb:24:in `call'[0m
      [36m# /home/ec2-user/.rvm/gems/ruby-2.6.3/gems/rack-2.2.3/lib/rack/runtime.rb:22:in `call'[0m
      [36m# /home/ec2-user/.rvm/gems/ruby-2.6.3/gems/rack-2.2.3/lib/rack/sendfile.rb:110:in `call'[0m
      [36m# /home/ec2-user/.rvm/gems/ruby-2.6.3/gems/railties-5.2.4.4/lib/rails/engine.rb:524:in `call'[0m
      [36m# /home/ec2-user/.rvm/gems/ruby-2.6.3/gems/rack-2.2.3/lib/rack/urlmap.rb:74:in `block in call'[0m
      [36m# /home/ec2-user/.rvm/gems/ruby-2.6.3/gems/rack-2.2.3/lib/rack/urlmap.rb:58:in `each'[0m
      [36m# /home/ec2-user/.rvm/gems/ruby-2.6.3/gems/rack-2.2.3/lib/rack/urlmap.rb:58:in `call'[0m
      [36m# /home/ec2-user/.rvm/gems/ruby-2.6.3/gems/rack-2.2.3/lib/rack/builder.rb:244:in `call'[0m
      [36m# /home/ec2-user/.rvm/gems/ruby-2.6.3/gems/rack-test-1.1.0/lib/rack/mock_session.rb:29:in `request'[0m
      [36m# /home/ec2-user/.rvm/gems/ruby-2.6.3/gems/rack-test-1.1.0/lib/rack/test.rb:266:in `process_request'[0m
      [36m# /home/ec2-user/.rvm/gems/ruby-2.6.3/gems/rack-test-1.1.0/lib/rack/test.rb:129:in `custom_request'[0m
      [36m# /home/ec2-user/.rvm/gems/ruby-2.6.3/gems/rack-test-1.1.0/lib/rack/test.rb:58:in `get'[0m
      [36m# /home/ec2-user/.rvm/gems/ruby-2.6.3/gems/capybara-3.33.0/lib/capybara/rack_test/browser.rb:70:in `process'[0m
      [36m# /home/ec2-user/.rvm/gems/ruby-2.6.3/gems/capybara-3.33.0/lib/capybara/rack_test/browser.rb:45:in `process_and_follow_redirects'[0m
      [36m# /home/ec2-user/.rvm/gems/ruby-2.6.3/gems/capybara-3.33.0/lib/capybara/rack_test/browser.rb:23:in `visit'[0m
      [36m# /home/ec2-user/.rvm/gems/ruby-2.6.3/gems/capybara-3.33.0/lib/capybara/rack_test/driver.rb:45:in `visit'[0m
      [36m# /home/ec2-user/.rvm/gems/ruby-2.6.3/gems/capybara-3.33.0/lib/capybara/session.rb:278:in `visit'[0m
      [36m# /home/ec2-user/.rvm/gems/ruby-2.6.3/gems/capybara-3.33.0/lib/capybara/dsl.rb:58:in `block (2 levels) in <module:DSL>'[0m
      [36m# ./spec/system/main_spec.rb:9:in `block (4 levels) in <main>'[0m
      [36m# ------------------[0m
      [36m# --- Caused by: ---[0m
      [36m# NoMethodError:[0m
      [36m#   undefined method `name' for nil:NilClass[0m
      [36m#   ./app/views/books/index.html.erb:10:in `_app_views_books_index_html_erb__4324495503416197674_61426380'[0m

  13) ユーザー権限のテスト ログインしていない場合 投稿関連のURLにアクセス 編集画面に遷移できない
      [31mFailure/Error: expect(current_path).to eq('/users/sign_in')[0m
      [31m[0m
      [31m  expected: "/users/sign_in"[0m
      [31m       got: "/books/1/edit"[0m
      [31m[0m
      [31m  (compared using ==)[0m
      [31m[0m
      [31m[0m
      [31m[0m
      [36m# ./spec/system/main_spec.rb:14:in `block (4 levels) in <main>'[0m

  14) ユーザー権限のテスト ログインしていない場合 投稿関連のURLにアクセス 詳細画面に遷移できない
      [31mFailure/Error: <%= link_to "",edit_user_path(current_user.id), class:"col-xs-12 btn btn-default glyphicon glyphicon-wrench edit" %>[0m
      [31m[0m
      [31mActionView::Template::Error:[0m
      [31m  undefined method `id' for nil:NilClass[0m
      [31m[0m
      [31m[0m
      [31m[0m
      [36m# ./app/views/books/show.html.erb:21:in `_app_views_books_show_html_erb__2604593566876931610_77549080'[0m
      [36m# /home/ec2-user/.rvm/gems/ruby-2.6.3/gems/warden-1.2.9/lib/warden/manager.rb:36:in `block in call'[0m
      [36m# /home/ec2-user/.rvm/gems/ruby-2.6.3/gems/warden-1.2.9/lib/warden/manager.rb:34:in `catch'[0m
      [36m# /home/ec2-user/.rvm/gems/ruby-2.6.3/gems/warden-1.2.9/lib/warden/manager.rb:34:in `call'[0m
      [36m# /home/ec2-user/.rvm/gems/ruby-2.6.3/gems/rack-2.2.3/lib/rack/tempfile_reaper.rb:15:in `call'[0m
      [36m# /home/ec2-user/.rvm/gems/ruby-2.6.3/gems/rack-2.2.3/lib/rack/etag.rb:27:in `call'[0m
      [36m# /home/ec2-user/.rvm/gems/ruby-2.6.3/gems/rack-2.2.3/lib/rack/conditional_get.rb:27:in `call'[0m
      [36m# /home/ec2-user/.rvm/gems/ruby-2.6.3/gems/rack-2.2.3/lib/rack/head.rb:12:in `call'[0m
      [36m# /home/ec2-user/.rvm/gems/ruby-2.6.3/gems/rack-2.2.3/lib/rack/session/abstract/id.rb:266:in `context'[0m
      [36m# /home/ec2-user/.rvm/gems/ruby-2.6.3/gems/rack-2.2.3/lib/rack/session/abstract/id.rb:260:in `call'[0m
      [36m# /home/ec2-user/.rvm/gems/ruby-2.6.3/gems/railties-5.2.4.4/lib/rails/rack/logger.rb:38:in `call_app'[0m
      [36m# /home/ec2-user/.rvm/gems/ruby-2.6.3/gems/railties-5.2.4.4/lib/rails/rack/logger.rb:26:in `block in call'[0m
      [36m# /home/ec2-user/.rvm/gems/ruby-2.6.3/gems/railties-5.2.4.4/lib/rails/rack/logger.rb:26:in `call'[0m
      [36m# /home/ec2-user/.rvm/gems/ruby-2.6.3/gems/rack-2.2.3/lib/rack/method_override.rb:24:in `call'[0m
      [36m# /home/ec2-user/.rvm/gems/ruby-2.6.3/gems/rack-2.2.3/lib/rack/runtime.rb:22:in `call'[0m
      [36m# /home/ec2-user/.rvm/gems/ruby-2.6.3/gems/rack-2.2.3/lib/rack/sendfile.rb:110:in `call'[0m
      [36m# /home/ec2-user/.rvm/gems/ruby-2.6.3/gems/railties-5.2.4.4/lib/rails/engine.rb:524:in `call'[0m
      [36m# /home/ec2-user/.rvm/gems/ruby-2.6.3/gems/rack-2.2.3/lib/rack/urlmap.rb:74:in `block in call'[0m
      [36m# /home/ec2-user/.rvm/gems/ruby-2.6.3/gems/rack-2.2.3/lib/rack/urlmap.rb:58:in `each'[0m
      [36m# /home/ec2-user/.rvm/gems/ruby-2.6.3/gems/rack-2.2.3/lib/rack/urlmap.rb:58:in `call'[0m
      [36m# /home/ec2-user/.rvm/gems/ruby-2.6.3/gems/rack-2.2.3/lib/rack/builder.rb:244:in `call'[0m
      [36m# /home/ec2-user/.rvm/gems/ruby-2.6.3/gems/rack-test-1.1.0/lib/rack/mock_session.rb:29:in `request'[0m
      [36m# /home/ec2-user/.rvm/gems/ruby-2.6.3/gems/rack-test-1.1.0/lib/rack/test.rb:266:in `process_request'[0m
      [36m# /home/ec2-user/.rvm/gems/ruby-2.6.3/gems/rack-test-1.1.0/lib/rack/test.rb:129:in `custom_request'[0m
      [36m# /home/ec2-user/.rvm/gems/ruby-2.6.3/gems/rack-test-1.1.0/lib/rack/test.rb:58:in `get'[0m
      [36m# /home/ec2-user/.rvm/gems/ruby-2.6.3/gems/capybara-3.33.0/lib/capybara/rack_test/browser.rb:70:in `process'[0m
      [36m# /home/ec2-user/.rvm/gems/ruby-2.6.3/gems/capybara-3.33.0/lib/capybara/rack_test/browser.rb:45:in `process_and_follow_redirects'[0m
      [36m# /home/ec2-user/.rvm/gems/ruby-2.6.3/gems/capybara-3.33.0/lib/capybara/rack_test/browser.rb:23:in `visit'[0m
      [36m# /home/ec2-user/.rvm/gems/ruby-2.6.3/gems/capybara-3.33.0/lib/capybara/rack_test/driver.rb:45:in `visit'[0m
      [36m# /home/ec2-user/.rvm/gems/ruby-2.6.3/gems/capybara-3.33.0/lib/capybara/session.rb:278:in `visit'[0m
      [36m# /home/ec2-user/.rvm/gems/ruby-2.6.3/gems/capybara-3.33.0/lib/capybara/dsl.rb:58:in `block (2 levels) in <module:DSL>'[0m
      [36m# ./spec/system/main_spec.rb:17:in `block (4 levels) in <main>'[0m
      [36m# ------------------[0m
      [36m# --- Caused by: ---[0m
      [36m# NoMethodError:[0m
      [36m#   undefined method `id' for nil:NilClass[0m
      [36m#   ./app/views/books/show.html.erb:21:in `_app_views_books_show_html_erb__2604593566876931610_77549080'[0m

  15) ユーザー権限のテスト ログインしていない場合にユーザー関連のURLにアクセス ユーザー関連のURLにアクセス 一覧画面に遷移できない
      [31mFailure/Error: <th>name</th><th><%= current_user.name %></th></tr>[0m
      [31m[0m
      [31mActionView::Template::Error:[0m
      [31m  undefined method `name' for nil:NilClass[0m
      [31m[0m
      [31m[0m
      [31m[0m
      [36m# ./app/views/users/index.html.erb:9:in `_app_views_users_index_html_erb___997473725809335949_64691360'[0m
      [36m# /home/ec2-user/.rvm/gems/ruby-2.6.3/gems/warden-1.2.9/lib/warden/manager.rb:36:in `block in call'[0m
      [36m# /home/ec2-user/.rvm/gems/ruby-2.6.3/gems/warden-1.2.9/lib/warden/manager.rb:34:in `catch'[0m
      [36m# /home/ec2-user/.rvm/gems/ruby-2.6.3/gems/warden-1.2.9/lib/warden/manager.rb:34:in `call'[0m
      [36m# /home/ec2-user/.rvm/gems/ruby-2.6.3/gems/rack-2.2.3/lib/rack/tempfile_reaper.rb:15:in `call'[0m
      [36m# /home/ec2-user/.rvm/gems/ruby-2.6.3/gems/rack-2.2.3/lib/rack/etag.rb:27:in `call'[0m
      [36m# /home/ec2-user/.rvm/gems/ruby-2.6.3/gems/rack-2.2.3/lib/rack/conditional_get.rb:27:in `call'[0m
      [36m# /home/ec2-user/.rvm/gems/ruby-2.6.3/gems/rack-2.2.3/lib/rack/head.rb:12:in `call'[0m
      [36m# /home/ec2-user/.rvm/gems/ruby-2.6.3/gems/rack-2.2.3/lib/rack/session/abstract/id.rb:266:in `context'[0m
      [36m# /home/ec2-user/.rvm/gems/ruby-2.6.3/gems/rack-2.2.3/lib/rack/session/abstract/id.rb:260:in `call'[0m
      [36m# /home/ec2-user/.rvm/gems/ruby-2.6.3/gems/railties-5.2.4.4/lib/rails/rack/logger.rb:38:in `call_app'[0m
      [36m# /home/ec2-user/.rvm/gems/ruby-2.6.3/gems/railties-5.2.4.4/lib/rails/rack/logger.rb:26:in `block in call'[0m
      [36m# /home/ec2-user/.rvm/gems/ruby-2.6.3/gems/railties-5.2.4.4/lib/rails/rack/logger.rb:26:in `call'[0m
      [36m# /home/ec2-user/.rvm/gems/ruby-2.6.3/gems/rack-2.2.3/lib/rack/method_override.rb:24:in `call'[0m
      [36m# /home/ec2-user/.rvm/gems/ruby-2.6.3/gems/rack-2.2.3/lib/rack/runtime.rb:22:in `call'[0m
      [36m# /home/ec2-user/.rvm/gems/ruby-2.6.3/gems/rack-2.2.3/lib/rack/sendfile.rb:110:in `call'[0m
      [36m# /home/ec2-user/.rvm/gems/ruby-2.6.3/gems/railties-5.2.4.4/lib/rails/engine.rb:524:in `call'[0m
      [36m# /home/ec2-user/.rvm/gems/ruby-2.6.3/gems/rack-2.2.3/lib/rack/urlmap.rb:74:in `block in call'[0m
      [36m# /home/ec2-user/.rvm/gems/ruby-2.6.3/gems/rack-2.2.3/lib/rack/urlmap.rb:58:in `each'[0m
      [36m# /home/ec2-user/.rvm/gems/ruby-2.6.3/gems/rack-2.2.3/lib/rack/urlmap.rb:58:in `call'[0m
      [36m# /home/ec2-user/.rvm/gems/ruby-2.6.3/gems/rack-2.2.3/lib/rack/builder.rb:244:in `call'[0m
      [36m# /home/ec2-user/.rvm/gems/ruby-2.6.3/gems/rack-test-1.1.0/lib/rack/mock_session.rb:29:in `request'[0m
      [36m# /home/ec2-user/.rvm/gems/ruby-2.6.3/gems/rack-test-1.1.0/lib/rack/test.rb:266:in `process_request'[0m
      [36m# /home/ec2-user/.rvm/gems/ruby-2.6.3/gems/rack-test-1.1.0/lib/rack/test.rb:129:in `custom_request'[0m
      [36m# /home/ec2-user/.rvm/gems/ruby-2.6.3/gems/rack-test-1.1.0/lib/rack/test.rb:58:in `get'[0m
      [36m# /home/ec2-user/.rvm/gems/ruby-2.6.3/gems/capybara-3.33.0/lib/capybara/rack_test/browser.rb:70:in `process'[0m
      [36m# /home/ec2-user/.rvm/gems/ruby-2.6.3/gems/capybara-3.33.0/lib/capybara/rack_test/browser.rb:45:in `process_and_follow_redirects'[0m
      [36m# /home/ec2-user/.rvm/gems/ruby-2.6.3/gems/capybara-3.33.0/lib/capybara/rack_test/browser.rb:23:in `visit'[0m
      [36m# /home/ec2-user/.rvm/gems/ruby-2.6.3/gems/capybara-3.33.0/lib/capybara/rack_test/driver.rb:45:in `visit'[0m
      [36m# /home/ec2-user/.rvm/gems/ruby-2.6.3/gems/capybara-3.33.0/lib/capybara/session.rb:278:in `visit'[0m
      [36m# /home/ec2-user/.rvm/gems/ruby-2.6.3/gems/capybara-3.33.0/lib/capybara/dsl.rb:58:in `block (2 levels) in <module:DSL>'[0m
      [36m# ./spec/system/main_spec.rb:25:in `block (4 levels) in <main>'[0m
      [36m# ------------------[0m
      [36m# --- Caused by: ---[0m
      [36m# NoMethodError:[0m
      [36m#   undefined method `name' for nil:NilClass[0m
      [36m#   ./app/views/users/index.html.erb:9:in `_app_views_users_index_html_erb___997473725809335949_64691360'[0m

  16) ユーザー権限のテスト ログインしていない場合にユーザー関連のURLにアクセス ユーザー関連のURLにアクセス 編集画面に遷移できない
      [31mFailure/Error: expect(current_path).to eq('/users/sign_in')[0m
      [31m[0m
      [31m  expected: "/users/sign_in"[0m
      [31m       got: "/users/1/edit"[0m
      [31m[0m
      [31m  (compared using ==)[0m
      [31m[0m
      [31m[0m
      [31m[0m
      [36m# ./spec/system/main_spec.rb:30:in `block (4 levels) in <main>'[0m

  17) ユーザー権限のテスト ログインしていない場合にユーザー関連のURLにアクセス ユーザー関連のURLにアクセス 詳細画面に遷移でない
      [31mFailure/Error: <%= link_to "",edit_user_path(current_user.id), class:"col-xs-12 btn btn-default glyphicon glyphicon-wrench edit" %>[0m
      [31m[0m
      [31mActionView::Template::Error:[0m
      [31m  undefined method `id' for nil:NilClass[0m
      [31m[0m
      [31m[0m
      [31m[0m
      [36m# ./app/views/users/show.html.erb:14:in `_app_views_users_show_html_erb__2073986008631118718_65655340'[0m
      [36m# /home/ec2-user/.rvm/gems/ruby-2.6.3/gems/warden-1.2.9/lib/warden/manager.rb:36:in `block in call'[0m
      [36m# /home/ec2-user/.rvm/gems/ruby-2.6.3/gems/warden-1.2.9/lib/warden/manager.rb:34:in `catch'[0m
      [36m# /home/ec2-user/.rvm/gems/ruby-2.6.3/gems/warden-1.2.9/lib/warden/manager.rb:34:in `call'[0m
      [36m# /home/ec2-user/.rvm/gems/ruby-2.6.3/gems/rack-2.2.3/lib/rack/tempfile_reaper.rb:15:in `call'[0m
      [36m# /home/ec2-user/.rvm/gems/ruby-2.6.3/gems/rack-2.2.3/lib/rack/etag.rb:27:in `call'[0m
      [36m# /home/ec2-user/.rvm/gems/ruby-2.6.3/gems/rack-2.2.3/lib/rack/conditional_get.rb:27:in `call'[0m
      [36m# /home/ec2-user/.rvm/gems/ruby-2.6.3/gems/rack-2.2.3/lib/rack/head.rb:12:in `call'[0m
      [36m# /home/ec2-user/.rvm/gems/ruby-2.6.3/gems/rack-2.2.3/lib/rack/session/abstract/id.rb:266:in `context'[0m
      [36m# /home/ec2-user/.rvm/gems/ruby-2.6.3/gems/rack-2.2.3/lib/rack/session/abstract/id.rb:260:in `call'[0m
      [36m# /home/ec2-user/.rvm/gems/ruby-2.6.3/gems/railties-5.2.4.4/lib/rails/rack/logger.rb:38:in `call_app'[0m
      [36m# /home/ec2-user/.rvm/gems/ruby-2.6.3/gems/railties-5.2.4.4/lib/rails/rack/logger.rb:26:in `block in call'[0m
      [36m# /home/ec2-user/.rvm/gems/ruby-2.6.3/gems/railties-5.2.4.4/lib/rails/rack/logger.rb:26:in `call'[0m
      [36m# /home/ec2-user/.rvm/gems/ruby-2.6.3/gems/rack-2.2.3/lib/rack/method_override.rb:24:in `call'[0m
      [36m# /home/ec2-user/.rvm/gems/ruby-2.6.3/gems/rack-2.2.3/lib/rack/runtime.rb:22:in `call'[0m
      [36m# /home/ec2-user/.rvm/gems/ruby-2.6.3/gems/rack-2.2.3/lib/rack/sendfile.rb:110:in `call'[0m
      [36m# /home/ec2-user/.rvm/gems/ruby-2.6.3/gems/railties-5.2.4.4/lib/rails/engine.rb:524:in `call'[0m
      [36m# /home/ec2-user/.rvm/gems/ruby-2.6.3/gems/rack-2.2.3/lib/rack/urlmap.rb:74:in `block in call'[0m
      [36m# /home/ec2-user/.rvm/gems/ruby-2.6.3/gems/rack-2.2.3/lib/rack/urlmap.rb:58:in `each'[0m
      [36m# /home/ec2-user/.rvm/gems/ruby-2.6.3/gems/rack-2.2.3/lib/rack/urlmap.rb:58:in `call'[0m
      [36m# /home/ec2-user/.rvm/gems/ruby-2.6.3/gems/rack-2.2.3/lib/rack/builder.rb:244:in `call'[0m
      [36m# /home/ec2-user/.rvm/gems/ruby-2.6.3/gems/rack-test-1.1.0/lib/rack/mock_session.rb:29:in `request'[0m
      [36m# /home/ec2-user/.rvm/gems/ruby-2.6.3/gems/rack-test-1.1.0/lib/rack/test.rb:266:in `process_request'[0m
      [36m# /home/ec2-user/.rvm/gems/ruby-2.6.3/gems/rack-test-1.1.0/lib/rack/test.rb:129:in `custom_request'[0m
      [36m# /home/ec2-user/.rvm/gems/ruby-2.6.3/gems/rack-test-1.1.0/lib/rack/test.rb:58:in `get'[0m
      [36m# /home/ec2-user/.rvm/gems/ruby-2.6.3/gems/capybara-3.33.0/lib/capybara/rack_test/browser.rb:70:in `process'[0m
      [36m# /home/ec2-user/.rvm/gems/ruby-2.6.3/gems/capybara-3.33.0/lib/capybara/rack_test/browser.rb:45:in `process_and_follow_redirects'[0m
      [36m# /home/ec2-user/.rvm/gems/ruby-2.6.3/gems/capybara-3.33.0/lib/capybara/rack_test/browser.rb:23:in `visit'[0m
      [36m# /home/ec2-user/.rvm/gems/ruby-2.6.3/gems/capybara-3.33.0/lib/capybara/rack_test/driver.rb:45:in `visit'[0m
      [36m# /home/ec2-user/.rvm/gems/ruby-2.6.3/gems/capybara-3.33.0/lib/capybara/session.rb:278:in `visit'[0m
      [36m# /home/ec2-user/.rvm/gems/ruby-2.6.3/gems/capybara-3.33.0/lib/capybara/dsl.rb:58:in `block (2 levels) in <module:DSL>'[0m
      [36m# ./spec/system/main_spec.rb:33:in `block (4 levels) in <main>'[0m
      [36m# ------------------[0m
      [36m# --- Caused by: ---[0m
      [36m# NoMethodError:[0m
      [36m#   undefined method `id' for nil:NilClass[0m
      [36m#   ./app/views/users/show.html.erb:14:in `_app_views_users_show_html_erb__2073986008631118718_65655340'[0m

  18) トップページのテスト ボディ部分のテスト 表示の確認 Sign Upリンクが表示される
      [31mFailure/Error: expect(page).to have_link signup_link, href: new_user_registration_path[0m
      [31m  expected to find link "Sign up" with href "/users/sign_up" but there were no matches[0m
      [31m[0m
      [31m[0m
      [31m[0m
      [36m# ./spec/system/top_spec.rb:18:in `block (4 levels) in <main>'[0m

  19) トップページのテスト ボディ部分のテスト ログインしていない場合の挙動を確認 Sign Upリンクをクリックしたら新規登録画面に遷移する
      [31mFailure/Error: expect(current_path).to eq(new_user_registration_path)[0m
      [31m[0m
      [31m  expected: "/users/sign_up"[0m
      [31m       got: "/users/sign_in"[0m
      [31m[0m
      [31m  (compared using ==)[0m
      [31m[0m
      [31m[0m
      [31m[0m
      [36m# ./spec/system/top_spec.rb:51:in `block (4 levels) in <main>'[0m

  20) ユーザー認証のテスト ユーザー新規登録 新規登録画面に遷移 新規登録に成功する
      [31mFailure/Error: expect(page).to have_content 'successfully'[0m
      [31m  expected to find text "successfully" in "Bookers\nHome About sign up login\nSign up\n2 errors prohibited this user from being saved:\nEmail can't be blank Introduction can't be blank\nName\nEmail\nPassword (6 characters minimum)\nPassword confirmation\nLog in"[0m
      [31m[0m
      [31m[0m
      [31m[0m
      [36m# ./spec/system/users_spec.rb:16:in `block (4 levels) in <main>'[0m

  21) ユーザー認証のテスト ユーザーログイン ログイン画面に遷移 ログインに成功する
      [31mFailure/Error: expect(page).to have_content 'successfully'[0m
      [31m  expected to find text "successfully" in "Bookers\nHome Users Books logout\nUser info\nname0d4banj76n introductionivh8d0oxljbrkkkb94tv\nNew book\nTitle\nBody\nBooks\nTitle Opinion"[0m
      [31m[0m
      [31m[0m
      [31m[0m
      [36m# ./spec/system/users_spec.rb:41:in `block (4 levels) in <main>'[0m

  22) ユーザーのテスト 編集のテスト 他人の編集画面への遷移 遷移できない
      [31mFailure/Error: expect(current_path).to eq('/users/' + user.id.to_s)[0m
      [31m[0m
      [31m  expected: "/users/2"[0m
      [31m       got: "/users/1/edit"[0m
      [31m[0m
      [31m  (compared using ==)[0m
      [31m[0m
      [31m[0m
      [31m[0m
      [36m# ./spec/system/users_spec.rb:96:in `block (4 levels) in <main>'[0m

  23) ユーザーのテスト 編集のテスト 表示の確認 User infoと表示される
      [31mFailure/Error: expect(page).to have_content('User info')[0m
      [31m  expected to find text "User info" in "Bookers\nHome Users Books logout\nUsers info\nName\nImage\nIntroduction s2odyprva2bs0f8m0pzq"[0m
      [31m[0m
      [31m[0m
      [31m[0m
      [36m# ./spec/system/users_spec.rb:105:in `block (4 levels) in <main>'[0m

  24) ユーザーのテスト 編集のテスト 表示の確認 編集に成功する
      [31mFailure/Error: expect(page).to have_content 'successfully'[0m
      [31m  expected to find text "successfully" in "Bookers\nHome Users Books logout\nUser info\nnamelvxgrilv4t introductiondlyoyopphck7dptyv0aq\nNew book\nTitle\nBody\nBooks\nTitle Opinion gllpu sin0gqzi6cl9z53rq1i1"[0m
      [31m[0m
      [31m[0m
      [31m[0m
      [36m# ./spec/system/users_spec.rb:118:in `block (4 levels) in <main>'[0m

  25) ユーザーのテスト 編集のテスト 表示の確認 編集に失敗する
      [31mFailure/Error: expect(page).to have_content 'error'[0m
      [31m  expected to find text "error" in "Bookers\nHome Users Books logout\nUsers info\nName\nImage\nIntroduction w5yrojd9ib3xo6q0mb6n"[0m
      [31m[0m
      [31m[0m
      [31m[0m
      [36m# ./spec/system/users_spec.rb:124:in `block (4 levels) in <main>'[0m

Finished in 3.39 seconds (files took 1.28 seconds to load)
[31m95 examples, 25 failures[0m

Failed examples:

[31mrspec ./spec/system/books_spec.rb:50[0m [36m# 投稿のテスト 編集のテスト 他人の投稿の編集画面への遷移 遷移できない[0m
[31mrspec ./spec/system/books_spec.rb:68[0m [36m# 投稿のテスト 編集のテスト 表示の確認 Showリンクが表示される[0m
[31mrspec ./spec/system/books_spec.rb:76[0m [36m# 投稿のテスト 編集のテスト フォームの確認 編集に成功する[0m
[31mrspec ./spec/system/books_spec.rb:82[0m [36m# 投稿のテスト 編集のテスト フォームの確認 編集に失敗する[0m
[31mrspec ./spec/system/books_spec.rb:100[0m [36m# 投稿のテスト 一覧画面のテスト 表示の確認 自分と他人の画像のリンク先が正しい[0m
[31mrspec ./spec/system/bootstrap_spec.rb:14[0m [36m# bootstrapのテスト グリッドシステムのテスト ユーザー関連画面 一覧画面[0m
[31mrspec ./spec/system/bootstrap_spec.rb:19[0m [36m# bootstrapのテスト グリッドシステムのテスト ユーザー関連画面 詳細画面[0m
[31mrspec ./spec/system/bootstrap_spec.rb:26[0m [36m# bootstrapのテスト グリッドシステムのテスト 投稿関連画面 一覧画面[0m
[31mrspec ./spec/system/bootstrap_spec.rb:31[0m [36m# bootstrapのテスト グリッドシステムのテスト 投稿関連画面 詳細画面[0m
[31mrspec ./spec/system/header_spec.rb:49[0m [36m# ヘッダーのテスト ログインしていない場合 ヘッダーのリンクを確認 新規登録画面に遷移する[0m
[31mrspec ./spec/system/header_spec.rb:115[0m [36m# ヘッダーのテスト ログインしている場合 ヘッダーのリンクを確認 logoutする[0m
[31mrspec ./spec/system/main_spec.rb:8[0m [36m# ユーザー権限のテスト ログインしていない場合 投稿関連のURLにアクセス 一覧画面に遷移できない[0m
[31mrspec ./spec/system/main_spec.rb:12[0m [36m# ユーザー権限のテスト ログインしていない場合 投稿関連のURLにアクセス 編集画面に遷移できない[0m
[31mrspec ./spec/system/main_spec.rb:16[0m [36m# ユーザー権限のテスト ログインしていない場合 投稿関連のURLにアクセス 詳細画面に遷移できない[0m
[31mrspec ./spec/system/main_spec.rb:24[0m [36m# ユーザー権限のテスト ログインしていない場合にユーザー関連のURLにアクセス ユーザー関連のURLにアクセス 一覧画面に遷移できない[0m
[31mrspec ./spec/system/main_spec.rb:28[0m [36m# ユーザー権限のテスト ログインしていない場合にユーザー関連のURLにアクセス ユーザー関連のURLにアクセス 編集画面に遷移できない[0m
[31mrspec ./spec/system/main_spec.rb:32[0m [36m# ユーザー権限のテスト ログインしていない場合にユーザー関連のURLにアクセス ユーザー関連のURLにアクセス 詳細画面に遷移でない[0m
[31mrspec ./spec/system/top_spec.rb:15[0m [36m# トップページのテスト ボディ部分のテスト 表示の確認 Sign Upリンクが表示される[0m
[31mrspec ./spec/system/top_spec.rb:48[0m [36m# トップページのテスト ボディ部分のテスト ログインしていない場合の挙動を確認 Sign Upリンクをクリックしたら新規登録画面に遷移する[0m
[31mrspec ./spec/system/users_spec.rb:9[0m [36m# ユーザー認証のテスト ユーザー新規登録 新規登録画面に遷移 新規登録に成功する[0m
[31mrspec ./spec/system/users_spec.rb:36[0m [36m# ユーザー認証のテスト ユーザーログイン ログイン画面に遷移 ログインに成功する[0m
[31mrspec ./spec/system/users_spec.rb:94[0m [36m# ユーザーのテスト 編集のテスト 他人の編集画面への遷移 遷移できない[0m
[31mrspec ./spec/system/users_spec.rb:104[0m [36m# ユーザーのテスト 編集のテスト 表示の確認 User infoと表示される[0m
[31mrspec ./spec/system/users_spec.rb:116[0m [36m# ユーザーのテスト 編集のテスト 表示の確認 編集に成功する[0m
[31mrspec ./spec/system/users_spec.rb:121[0m [36m# ユーザーのテスト 編集のテスト 表示の確認 編集に失敗する[0m

